Name                Stmts   Miss  Cover   Missing
-------------------------------------------------
__init__               18      1    94%   16
compat                 44     21    52%   16-50, 91
core                   79     19    76%   77, 99-100, 109-111, 173, 186-187, 190, 201-211
eui/__init__          302     84    72%   41, 47, 61, 92, 97-99, 110, 192-203, 235-237, 242, 255, 324-330, 334, 338, 367-369, 374, 379-382, 388, 394, 403, 452-455, 460, 464-483, 487, 496-497, 504-507, 516-517, 524-527, 534-537, 544-547, 565, 616-620
eui/ieee              121     29    76%   77, 124, 152-153, 203, 229-230, 255-261, 279-302, 307-308
fbsocket              177     65    63%   26, 45-46, 49-50, 57-58, 67, 71-73, 108, 128, 132, 146-148, 152, 181, 187, 204, 211-251, 258-273, 277, 282-285, 289, 293
ip/__init__           850    114    87%   41, 43, 54, 61, 90-91, 102-103, 114-115, 126-127, 138-139, 173-176, 179, 190-191, 202-206, 213, 220, 271, 283, 287, 301-302, 328, 348, 408, 425, 438, 463, 483, 496, 531-537, 556-560, 579-580, 618, 627, 678, 715, 748-749, 772-773, 799, 803-806, 910, 920-921, 924, 948, 954, 959, 961, 1040, 1042, 1058-1066, 1102, 1145-1148, 1157-1160, 1173, 1200, 1205, 1215, 1246-1248, 1362-1364, 1436-1439, 1456-1457, 1482, 1569, 1574, 1608, 1632-1633, 1669, 1675, 1706, 1711, 1830, 1859, 1886
ip/glob               128     35    73%   26, 34, 39, 43, 46, 48, 50, 55, 57, 59, 74, 103-121, 139, 169, 219, 273, 277-278, 281, 292, 296
ip/iana               176     36    80%   70, 74, 78, 82, 93, 364-374, 392, 406-410, 417-439, 445
ip/intset             270     67    75%   53, 71, 76-78, 82, 87-89, 92-94, 97-99, 131-137, 146, 148, 152, 154, 156, 159, 169, 174, 176, 180, 182, 185, 189, 192, 194, 196, 198, 223, 250-263, 284, 305, 318, 441, 443, 448, 459, 461, 470, 483-486, 488, 497-500, 520, 522
ip/nmap                53      0   100%   
ip/rfc1924             26      1    96%   47
ip/sets               224     41    82%   30, 37, 72, 80, 88-104, 120, 162, 188, 258, 270, 280, 291-292, 301-304, 313-316, 326, 351-354, 364, 515-519, 527
strategy/__init__     113     28    75%   45, 48, 54, 73, 98, 122, 128, 135-138, 155, 192, 208, 211, 216, 223-226, 243-252, 255, 271
strategy/eui48        132     20    85%   138-146, 172, 189, 244-246, 262-264, 281-283, 291
strategy/eui64         72     24    67%   71-78, 93-95, 100, 140-148, 152, 160, 164, 168, 176, 184
strategy/ipv4         108     25    77%   20-28, 104-120, 161, 211, 227, 233, 281-282, 288, 291
strategy/ipv6         106     11    90%   18, 25-26, 126, 175-176, 228, 244, 258, 262, 266
-------------------------------------------------
TOTAL                2999    621    79%   
