Name                Stmts   Miss  Cover   Missing
-------------------------------------------------
__init__               17      1    94%   15
compat                 44     21    52%   16-50, 91
core                   79     19    76%   77, 99-100, 109-111, 173, 186-187, 190, 201-211
eui/__init__          300     83    72%   41, 59, 90, 95-97, 108, 190-201, 233-235, 240, 253, 322-328, 332, 336, 365-367, 372, 377-380, 386, 392, 401, 450-453, 458, 462-481, 485, 494-495, 502-505, 514-515, 522-525, 532-535, 542-545, 563, 614-618
eui/ieee              121     29    76%   77, 124, 152-153, 203, 229-230, 255-261, 279-302, 307-308
fbsocket              177     65    63%   26, 45-46, 49-50, 57-58, 67, 71-73, 108, 128, 132, 146-148, 152, 180, 186, 203, 210-250, 257-272, 276, 281-284, 288, 292
ip/__init__           844    123    85%   41, 43, 54, 61, 90-91, 102-103, 114-115, 126-127, 138-139, 173-176, 179, 190-191, 202-206, 213, 220, 271, 283, 287, 301-302, 328, 348, 408, 425, 438, 463, 481, 494, 529-535, 554, 573-574, 612, 621, 672, 709, 740-753, 766-767, 794, 798-801, 896-898, 900-902, 913-914, 917, 941, 947, 952, 954, 1033, 1035, 1051-1059, 1095, 1133-1136, 1145-1148, 1161, 1188, 1193, 1203, 1234-1236, 1350-1352, 1424-1427, 1444-1445, 1470, 1557, 1562, 1596, 1622-1623, 1662, 1668, 1699, 1704, 1823, 1852, 1879
ip/glob               128     35    73%   26, 34, 39, 43, 46, 48, 50, 55, 57, 59, 74, 103-121, 139, 169, 219, 273, 277-278, 281, 292, 296
ip/iana               176     36    80%   70, 74, 78, 82, 93, 364-374, 392, 406-410, 417-439, 445
ip/intset             270     67    75%   53, 71, 76-78, 82, 87-89, 92-94, 97-99, 131-137, 146, 148, 152, 154, 156, 159, 169, 174, 176, 180, 182, 185, 189, 192, 194, 196, 198, 223, 250-263, 284, 305, 318, 441, 443, 448, 459, 461, 470, 483-486, 488, 497-500, 520, 522
ip/nmap                53      0   100%   
ip/rfc1924             26      1    96%   47
ip/sets               224     41    82%   30, 37, 72, 80, 88-105, 121, 163, 189, 259, 271, 281, 292-293, 302-305, 314-317, 327, 352-355, 365, 516-520, 528
strategy/__init__     113     28    75%   45, 48, 54, 73, 98, 122, 128, 135-138, 155, 192, 208, 211, 216, 223-226, 243-252, 255, 271
strategy/eui48        132     20    85%   138-146, 172, 189, 244-246, 262-264, 281-283, 291
strategy/eui64         72     24    67%   71-78, 93-95, 100, 140-148, 152, 160, 164, 168, 176, 184
strategy/ipv4         108     25    77%   20-28, 104-120, 161, 211, 227, 233, 281-282, 288, 291
strategy/ipv6         106     11    90%   18, 25-26, 126, 175-176, 228, 244, 258, 262, 266
-------------------------------------------------
TOTAL                2990    629    79%   
